0 info it worked if it ends with ok
1 verbose cli [ '/Users/rtorr/.nvm/v0.10.36/bin/node',
1 verbose cli   '/Users/rtorr/.nvm/v0.10.36/bin/npm',
1 verbose cli   'install',
1 verbose cli   'nodemod',
1 verbose cli   '-g' ]
2 info using npm@1.4.28
3 info using node@v0.10.36
4 verbose cache add [ 'nodemod', null ]
5 verbose cache add name=undefined spec="nodemod" args=["nodemod",null]
6 verbose parsed url { protocol: null,
6 verbose parsed url   slashes: null,
6 verbose parsed url   auth: null,
6 verbose parsed url   host: null,
6 verbose parsed url   port: null,
6 verbose parsed url   hostname: null,
6 verbose parsed url   hash: null,
6 verbose parsed url   search: null,
6 verbose parsed url   query: null,
6 verbose parsed url   pathname: 'nodemod',
6 verbose parsed url   path: 'nodemod',
6 verbose parsed url   href: 'nodemod' }
7 silly lockFile 34958b55-nodemod nodemod
8 verbose lock nodemod /Users/rtorr/.npm/34958b55-nodemod.lock
9 silly lockFile 34958b55-nodemod nodemod
10 silly lockFile 34958b55-nodemod nodemod
11 verbose addNamed [ 'nodemod', '' ]
12 verbose addNamed [ null, '*' ]
13 silly lockFile 904a31a4-nodemod nodemod@
14 verbose lock nodemod@ /Users/rtorr/.npm/904a31a4-nodemod.lock
15 silly addNameRange { name: 'nodemod', range: '*', hasData: false }
16 verbose request where is /nodemod
17 verbose request registry https://registry.npmjs.org/
18 verbose request id e4ee8fc502282288
19 verbose url raw /nodemod
20 verbose url resolving [ 'https://registry.npmjs.org/', './nodemod' ]
21 verbose url resolved https://registry.npmjs.org/nodemod
22 verbose request where is https://registry.npmjs.org/nodemod
23 info trying registry request attempt 1 at 19:52:25
24 http GET https://registry.npmjs.org/nodemod
25 http 404 https://registry.npmjs.org/nodemod
26 verbose headers { server: 'CouchDB/1.5.0 (Erlang OTP/R16B03)',
26 verbose headers   'content-type': 'application/json',
26 verbose headers   'cache-control': 'max-age=0',
26 verbose headers   'content-length': '51',
26 verbose headers   'accept-ranges': 'bytes',
26 verbose headers   date: 'Sun, 02 Aug 2015 02:52:25 GMT',
26 verbose headers   via: '1.1 varnish',
26 verbose headers   age: '0',
26 verbose headers   connection: 'keep-alive',
26 verbose headers   'x-served-by': 'cache-sjc3130-SJC',
26 verbose headers   'x-cache': 'MISS',
26 verbose headers   'x-cache-hits': '0',
26 verbose headers   'x-timer': 'S1438483945.431841,VS0,VE155' }
27 silly registry.get cb [ 404,
27 silly registry.get   { server: 'CouchDB/1.5.0 (Erlang OTP/R16B03)',
27 silly registry.get     'content-type': 'application/json',
27 silly registry.get     'cache-control': 'max-age=0',
27 silly registry.get     'content-length': '51',
27 silly registry.get     'accept-ranges': 'bytes',
27 silly registry.get     date: 'Sun, 02 Aug 2015 02:52:25 GMT',
27 silly registry.get     via: '1.1 varnish',
27 silly registry.get     age: '0',
27 silly registry.get     connection: 'keep-alive',
27 silly registry.get     'x-served-by': 'cache-sjc3130-SJC',
27 silly registry.get     'x-cache': 'MISS',
27 silly registry.get     'x-cache-hits': '0',
27 silly registry.get     'x-timer': 'S1438483945.431841,VS0,VE155' } ]
28 silly lockFile 904a31a4-nodemod nodemod@
29 silly lockFile 904a31a4-nodemod nodemod@
30 error 404 404 Not Found: nodemod
30 error 404
30 error 404 'nodemod' is not in the npm registry.
30 error 404 You should bug the author to publish it
30 error 404
30 error 404 Note that you can also install from a
30 error 404 tarball, folder, or http url, or git url.
31 error System Darwin 14.4.0
32 error command "/Users/rtorr/.nvm/v0.10.36/bin/node" "/Users/rtorr/.nvm/v0.10.36/bin/npm" "install" "nodemod" "-g"
33 error cwd /Users/rtorr/personal/wabble
34 error node -v v0.10.36
35 error npm -v 1.4.28
36 error code E404
37 verbose exit [ 1, true ]
